<?xml version="1.0" encoding="UTF-8"?>
<testng-results ignored="2" total="3" passed="1" failed="0" skipped="0">
  <reporter-output>
  </reporter-output>
  <suite started-at="2024-05-27T16:46:41 IST" name="Surefire suite" finished-at="2024-05-27T16:47:09 IST" duration-ms="27870">
    <groups>
    </groups>
    <test started-at="2024-05-27T16:46:41 IST" name="Surefire test" finished-at="2024-05-27T16:47:09 IST" duration-ms="27870">
      <class name="driverFactory.AppTest">
        <test-method is-config="true" signature="launchapp()[pri:0, instance:driverFactory.AppTest@223f3642]" started-at="2024-05-27T16:46:41 IST" name="launchapp" finished-at="2024-05-27T16:46:44 IST" duration-ms="2688" status="PASS">
          <reporter-output>
          </reporter-output>
        </test-method> <!-- launchapp -->
        <test-method is-config="true" signature="teardown()[pri:0, instance:driverFactory.AppTest@223f3642]" started-at="2024-05-27T16:47:08 IST" name="teardown" finished-at="2024-05-27T16:47:09 IST" duration-ms="462" status="PASS">
          <reporter-output>
          </reporter-output>
        </test-method> <!-- teardown -->
      </class> <!-- driverFactory.AppTest -->
      <class name="driverFactory1.AppTest">
        <test-method signature="kickStart()[pri:0, instance:driverFactory1.AppTest@61dd025]" started-at="2024-05-27T16:46:44 IST" name="kickStart" finished-at="2024-05-27T16:47:08 IST" duration-ms="24695" status="PASS">
          <reporter-output>
          </reporter-output>
        </test-method> <!-- kickStart -->
      </class> <!-- driverFactory1.AppTest -->
    </test> <!-- Surefire test -->
  </suite> <!-- Surefire suite -->
</testng-results>
