<?xml version="1.0" encoding="UTF-8"?>
<!-- Generated by org.testng.reporters.JUnitXMLReporter -->
<testsuite ignored="2" hostname="DESKTOP-434RM2K" failures="0" tests="1" name="Surefire test" time="27.87" errors="0" timestamp="2024-05-27T16:47:09 IST">
  <testcase classname="driverFactory1.AppTest" name="kickStart" time="24.695"/>
  <testcase classname="config.AppUtils" name="@AfterTest teardown" time="0.0">
    <ignored/>
  </testcase> <!-- @AfterTest teardown -->
  <testcase classname="config.AppUtils" name="@BeforeTest launchapp" time="0.0">
    <ignored/>
  </testcase> <!-- @BeforeTest launchapp -->
</testsuite> <!-- Surefire test -->
